Using pre-set license
Built from '2021.3/staging' branch; Version is '2021.3.9f1 (ad3870b89536) revision 11352176'; Using compiler version '192829333'; Build Type 'Release'
OS: 'Windows 10  (10.0.19044) 64bit CoreSingleLanguage' Language: 'en' Physical Memory: 12173 MB
BatchMode: 1, IsHumanControllingUs: 0, StartBugReporterOnCrash: 0, Is64bit: 1, IsPro: 1

COMMAND LINE ARGUMENTS:
D:\Program files (x86) D\2021.3.9f1\Editor\Unity.exe
-adb2
-batchMode
-noUpm
-name
AssetImportWorker0
-projectPath
D:/Year 2/SEMESTER 2/GADE7222/POE/GADE7222_POE/GADE7222_POE_2022
-logFile
Logs/AssetImportWorker0.log
-srvPort
59283
Successfully changed project path to: D:/Year 2/SEMESTER 2/GADE7222/POE/GADE7222_POE/GADE7222_POE_2022
D:/Year 2/SEMESTER 2/GADE7222/POE/GADE7222_POE/GADE7222_POE_2022
[UnityMemory] Configuration Parameters - Can be set up in boot.config
    "memorysetup-bucket-allocator-granularity=16"
    "memorysetup-bucket-allocator-bucket-count=8"
    "memorysetup-bucket-allocator-block-size=33554432"
    "memorysetup-bucket-allocator-block-count=8"
    "memorysetup-main-allocator-block-size=16777216"
    "memorysetup-thread-allocator-block-size=16777216"
    "memorysetup-gfx-main-allocator-block-size=16777216"
    "memorysetup-gfx-thread-allocator-block-size=16777216"
    "memorysetup-cache-allocator-block-size=4194304"
    "memorysetup-typetree-allocator-block-size=2097152"
    "memorysetup-profiler-bucket-allocator-granularity=16"
    "memorysetup-profiler-bucket-allocator-bucket-count=8"
    "memorysetup-profiler-bucket-allocator-block-size=33554432"
    "memorysetup-profiler-bucket-allocator-block-count=8"
    "memorysetup-profiler-allocator-block-size=16777216"
    "memorysetup-profiler-editor-allocator-block-size=1048576"
    "memorysetup-temp-allocator-size-main=16777216"
    "memorysetup-job-temp-allocator-block-size=2097152"
    "memorysetup-job-temp-allocator-block-size-background=1048576"
    "memorysetup-job-temp-allocator-reduction-small-platforms=262144"
    "memorysetup-temp-allocator-size-background-worker=32768"
    "memorysetup-temp-allocator-size-job-worker=262144"
    "memorysetup-temp-allocator-size-preload-manager=33554432"
    "memorysetup-temp-allocator-size-nav-mesh-worker=65536"
    "memorysetup-temp-allocator-size-audio-worker=65536"
    "memorysetup-temp-allocator-size-cloud-worker=32768"
    "memorysetup-temp-allocator-size-gi-baking-worker=262144"
    "memorysetup-temp-allocator-size-gfx=262144"
Refreshing native plugins compatible for Editor in 104.79 ms, found 3 plugins.
Preloading 0 native plugins for Editor in 0.00 ms.
Initialize engine version: 2021.3.9f1 (ad3870b89536)
[Subsystems] Discovering subsystems at path D:/Program files (x86) D/2021.3.9f1/Editor/Data/Resources/UnitySubsystems
[Subsystems] Discovering subsystems at path D:/Year 2/SEMESTER 2/GADE7222/POE/GADE7222_POE/GADE7222_POE_2022/Assets
GfxDevice: creating device client; threaded=0; jobified=0
Direct3D:
    Version:  Direct3D 11.0 [level 11.1]
    Renderer: NVIDIA GeForce GTX 1050 (ID=0x1c8d)
    Vendor:   NVIDIA
    VRAM:     4019 MB
    Driver:   31.0.15.1694
Initialize mono
Mono path[0] = 'D:/Program files (x86) D/2021.3.9f1/Editor/Data/Managed'
Mono path[1] = 'D:/Program files (x86) D/2021.3.9f1/Editor/Data/MonoBleedingEdge/lib/mono/unityjit-win32'
Mono config path = 'D:/Program files (x86) D/2021.3.9f1/Editor/Data/MonoBleedingEdge/etc'
Using monoOptions --debugger-agent=transport=dt_socket,embedding=1,server=y,suspend=n,address=127.0.0.1:56540
Begin MonoManager ReloadAssembly
Registering precompiled unity dll's ...
Register platform support module: D:/Program files (x86) D/2021.3.9f1/Editor/Data/PlaybackEngines/WebGLSupport/UnityEditor.WebGL.Extensions.dll
Register platform support module: D:/Program files (x86) D/2021.3.9f1/Editor/Data/PlaybackEngines/MacStandaloneSupport/UnityEditor.OSXStandalone.Extensions.dll
Register platform support module: D:/Program files (x86) D/2021.3.9f1/Editor/Data/PlaybackEngines/AndroidPlayer/UnityEditor.Android.Extensions.dll
Register platform support module: D:/Program files (x86) D/2021.3.9f1/Editor/Data/PlaybackEngines/iOSSupport/UnityEditor.iOS.Extensions.dll
Register platform support module: D:/Program files (x86) D/2021.3.9f1/Editor/Data/PlaybackEngines/AppleTVSupport/UnityEditor.AppleTV.Extensions.dll
Register platform support module: D:/Program files (x86) D/2021.3.9f1/Editor/Data/PlaybackEngines/WindowsStandaloneSupport/UnityEditor.WindowsStandalone.Extensions.dll
Register platform support module: D:/Program files (x86) D/2021.3.9f1/Editor/Data/PlaybackEngines/LinuxStandaloneSupport/UnityEditor.LinuxStandalone.Extensions.dll
Register platform support module: D:/Program files (x86) D/2021.3.9f1/Editor/Data/PlaybackEngines/MetroSupport/UnityEditor.UWP.Extensions.dll
Registered in 0.047548 seconds.
Native extension for UWP target not found
Native extension for LinuxStandalone target not found
Native extension for WindowsStandalone target not found
[usbmuxd] Start listen thread
[usbmuxd] Listen thread started
Native extension for AppleTV target not found
[usbmuxd] Start listen thread
[usbmuxd] Listen thread started
Native extension for iOS target not found
Native extension for Android target not found
Native extension for OSXStandalone target not found
Native extension for WebGL target not found
Refreshing native plugins compatible for Editor in 92.82 ms, found 3 plugins.
Preloading 0 native plugins for Editor in 0.00 ms.
Mono: successfully reloaded assembly
- Completed reload, in  1.130 seconds
Domain Reload Profiling:
	ReloadAssembly (1131ms)
		BeginReloadAssembly (186ms)
			ExecutionOrderSort (0ms)
			DisableScriptedObjects (0ms)
			BackupInstance (0ms)
			ReleaseScriptingObjects (0ms)
			CreateAndSetChildDomain (2ms)
		EndReloadAssembly (727ms)
			LoadAssemblies (180ms)
			RebuildTransferFunctionScriptingTraits (0ms)
			SetupTypeCache (175ms)
			ReleaseScriptCaches (0ms)
			RebuildScriptCaches (40ms)
			SetupLoadedEditorAssemblies (417ms)
				LogAssemblyErrors (0ms)
				InitializePlatformSupportModulesInManaged (150ms)
				SetLoadedEditorAssemblies (0ms)
				RefreshPlugins (93ms)
				BeforeProcessingInitializeOnLoad (1ms)
				ProcessInitializeOnLoadAttributes (117ms)
				ProcessInitializeOnLoadMethodAttributes (55ms)
				AfterProcessingInitializeOnLoad (0ms)
				EditorAssembliesLoaded (0ms)
			ExecutionOrderSort2 (0ms)
			AwakeInstancesAfterBackupRestoration (0ms)
Platform modules already initialized, skipping
Registering precompiled user dll's ...
Registered in 0.019819 seconds.
Begin MonoManager ReloadAssembly
Symbol file LoadedFromMemory doesn't match image D:\Year 2\SEMESTER 2\GADE7222\POE\GADE7222_POE\GADE7222_POE_2022\Library\PackageCache\com.unity.visualscripting@1.7.8\Editor\VisualScripting.Core\Dependencies\YamlDotNet\Unity.VisualScripting.YamlDotNet.dll
Symbol file LoadedFromMemory doesn't match image D:\Year 2\SEMESTER 2\GADE7222\POE\GADE7222_POE\GADE7222_POE_2022\Library\PackageCache\com.unity.visualscripting@1.7.8\Editor\VisualScripting.Core\Dependencies\DotNetZip\Unity.VisualScripting.IonicZip.dll
Native extension for UWP target not found
Native extension for LinuxStandalone target not found
Native extension for WindowsStandalone target not found
Native extension for AppleTV target not found
Native extension for iOS target not found
Native extension for Android target not found
Native extension for OSXStandalone target not found
Native extension for WebGL target not found
Refreshing native plugins compatible for Editor in 0.58 ms, found 3 plugins.
Preloading 0 native plugins for Editor in 0.00 ms.
Mono: successfully reloaded assembly
- Completed reload, in  1.809 seconds
Domain Reload Profiling:
	ReloadAssembly (1810ms)
		BeginReloadAssembly (340ms)
			ExecutionOrderSort (0ms)
			DisableScriptedObjects (10ms)
			BackupInstance (0ms)
			ReleaseScriptingObjects (0ms)
			CreateAndSetChildDomain (133ms)
		EndReloadAssembly (1288ms)
			LoadAssemblies (206ms)
			RebuildTransferFunctionScriptingTraits (0ms)
			SetupTypeCache (413ms)
			ReleaseScriptCaches (1ms)
			RebuildScriptCaches (63ms)
			SetupLoadedEditorAssemblies (590ms)
				LogAssemblyErrors (0ms)
				InitializePlatformSupportModulesInManaged (73ms)
				SetLoadedEditorAssemblies (1ms)
				RefreshPlugins (1ms)
				BeforeProcessingInitializeOnLoad (167ms)
				ProcessInitializeOnLoadAttributes (279ms)
				ProcessInitializeOnLoadMethodAttributes (39ms)
				AfterProcessingInitializeOnLoad (31ms)
				EditorAssembliesLoaded (0ms)
			ExecutionOrderSort2 (0ms)
			AwakeInstancesAfterBackupRestoration (9ms)
Platform modules already initialized, skipping
========================================================================
Worker process is ready to serve import requests
Launched and connected shader compiler UnityShaderCompiler.exe after 0.07 seconds
Refreshing native plugins compatible for Editor in 0.58 ms, found 3 plugins.
Preloading 0 native plugins for Editor in 0.00 ms.
Unloading 3424 Unused Serialized files (Serialized files now loaded: 0)
Unloading 27 unused Assets / (111.7 KB). Loaded Objects now: 3902.
Memory consumption went from 131.6 MB to 131.5 MB.
Total: 4.746000 ms (FindLiveObjects: 0.348400 ms CreateObjectMapping: 0.288800 ms MarkObjects: 3.939000 ms  DeleteObjects: 0.168800 ms)

AssetImportParameters requested are different than current active one (requested -> active):
  custom:video-decoder-ogg-theora: a1e56fd34408186e4bbccfd4996cb3dc -> 
  custom:container-muxer-webm: aa71ff27fc2769a1b78a27578f13a17b -> 
  custom:container-demuxer-webm: 4f35f7cbe854078d1ac9338744f61a02 -> 
  custom:video-encoder-webm-vp8: eb34c28f22e8b96e1ab97ce403110664 -> 
  custom:video-codec-MediaFoundation-h265: 746d11721c4dcdbdad8f713fa42b33f4 -> 
  custom:audio-encoder-webm-vorbis: bf7c407c2cedff20999df2af8eb42d56 -> 
  custom:framework-win-MediaFoundation: 216162199b28c13a410421893ffa2e32 -> 
  custom:container-demuxer-ogg: 62fdf1f143b41e24485cea50d1cbac27 -> 
  custom:video-decoder-webm-vp8: 9c59270c3fd7afecdb556c50c9e8de78 -> 
  custom:audio-decoder-ogg-vorbis: bf7c407c2cedff20999df2af8eb42d56 -> 
========================================================================
Received Import Request.
  Time since last request: 42805.886106 seconds.
  path: Assets/New Terrain.asset
  artifactKey: Guid(a57359f4b3f99e3409d3f2e920cc679f) Importer(815301076,1909f56bfc062723c751e8b465ee728b)
Start importing Assets/New Terrain.asset using Guid(a57359f4b3f99e3409d3f2e920cc679f) Importer(815301076,1909f56bfc062723c751e8b465ee728b)  -> (artifact id: '9628e3419b13cc55bdf1f7003a3a120c') in 0.135706 seconds 
========================================================================
Received Import Request.
  Time since last request: 515.328367 seconds.
  path: Assets/scripts/AI_racerFactory.cs
  artifactKey: Guid(e5be3915c223e124d8963528e441054a) Importer(815301076,1909f56bfc062723c751e8b465ee728b)
Start importing Assets/scripts/AI_racerFactory.cs using Guid(e5be3915c223e124d8963528e441054a) Importer(815301076,1909f56bfc062723c751e8b465ee728b)  -> (artifact id: '5e8e107b8bb65e86ee48637e1ac25627') in 0.013532 seconds 
========================================================================
Received Prepare
Registering precompiled user dll's ...
Registered in 0.018287 seconds.
Begin MonoManager ReloadAssembly
Symbol file LoadedFromMemory doesn't match image D:\Year 2\SEMESTER 2\GADE7222\POE\GADE7222_POE\GADE7222_POE_2022\Library\PackageCache\com.unity.visualscripting@1.7.8\Editor\VisualScripting.Core\Dependencies\YamlDotNet\Unity.VisualScripting.YamlDotNet.dll
Symbol file LoadedFromMemory doesn't match image D:\Year 2\SEMESTER 2\GADE7222\POE\GADE7222_POE\GADE7222_POE_2022\Library\PackageCache\com.unity.visualscripting@1.7.8\Editor\VisualScripting.Core\Dependencies\DotNetZip\Unity.VisualScripting.IonicZip.dll
Native extension for UWP target not found
Native extension for LinuxStandalone target not found
Native extension for WindowsStandalone target not found
Native extension for AppleTV target not found
Native extension for iOS target not found
Native extension for Android target not found
Native extension for OSXStandalone target not found
Native extension for WebGL target not found
Refreshing native plugins compatible for Editor in 0.90 ms, found 3 plugins.
Preloading 0 native plugins for Editor in 0.00 ms.
Mono: successfully reloaded assembly
- Completed reload, in  1.661 seconds
Domain Reload Profiling:
	ReloadAssembly (1662ms)
		BeginReloadAssembly (253ms)
			ExecutionOrderSort (0ms)
			DisableScriptedObjects (7ms)
			BackupInstance (0ms)
			ReleaseScriptingObjects (0ms)
			CreateAndSetChildDomain (44ms)
		EndReloadAssembly (1239ms)
			LoadAssemblies (222ms)
			RebuildTransferFunctionScriptingTraits (0ms)
			SetupTypeCache (359ms)
			ReleaseScriptCaches (2ms)
			RebuildScriptCaches (61ms)
			SetupLoadedEditorAssemblies (583ms)
				LogAssemblyErrors (0ms)
				InitializePlatformSupportModulesInManaged (101ms)
				SetLoadedEditorAssemblies (1ms)
				RefreshPlugins (1ms)
				BeforeProcessingInitializeOnLoad (154ms)
				ProcessInitializeOnLoadAttributes (255ms)
				ProcessInitializeOnLoadMethodAttributes (34ms)
				AfterProcessingInitializeOnLoad (36ms)
				EditorAssembliesLoaded (0ms)
			ExecutionOrderSort2 (0ms)
			AwakeInstancesAfterBackupRestoration (9ms)
Platform modules already initialized, skipping
Refreshing native plugins compatible for Editor in 4.21 ms, found 3 plugins.
Preloading 0 native plugins for Editor in 0.00 ms.
Unloading 3407 Unused Serialized files (Serialized files now loaded: 0)
Unloading 20 unused Assets / (79.1 KB). Loaded Objects now: 3909.
Memory consumption went from 130.3 MB to 130.3 MB.
Total: 3.367500 ms (FindLiveObjects: 0.262700 ms CreateObjectMapping: 0.154200 ms MarkObjects: 2.844400 ms  DeleteObjects: 0.105200 ms)

AssetImportParameters requested are different than current active one (requested -> active):
  custom:video-decoder-ogg-theora: a1e56fd34408186e4bbccfd4996cb3dc -> 
  custom:container-muxer-webm: aa71ff27fc2769a1b78a27578f13a17b -> 
  custom:container-demuxer-webm: 4f35f7cbe854078d1ac9338744f61a02 -> 
  custom:video-encoder-webm-vp8: eb34c28f22e8b96e1ab97ce403110664 -> 
  custom:video-codec-MediaFoundation-h265: 746d11721c4dcdbdad8f713fa42b33f4 -> 
  custom:audio-encoder-webm-vorbis: bf7c407c2cedff20999df2af8eb42d56 -> 
  custom:framework-win-MediaFoundation: 216162199b28c13a410421893ffa2e32 -> 
  custom:container-demuxer-ogg: 62fdf1f143b41e24485cea50d1cbac27 -> 
  custom:video-decoder-webm-vp8: 9c59270c3fd7afecdb556c50c9e8de78 -> 
  custom:audio-decoder-ogg-vorbis: bf7c407c2cedff20999df2af8eb42d56 -> 
========================================================================
Received Import Request.
  Time since last request: 718.070980 seconds.
  path: Assets/scripts/AI_racerFactory.cs
  artifactKey: Guid(e5be3915c223e124d8963528e441054a) Importer(815301076,1909f56bfc062723c751e8b465ee728b)
Start importing Assets/scripts/AI_racerFactory.cs using Guid(e5be3915c223e124d8963528e441054a) Importer(815301076,1909f56bfc062723c751e8b465ee728b)  -> (artifact id: '0ee710a3e96762e4ee78548a429ba474') in 0.021875 seconds 
========================================================================
Received Import Request.
  Time since last request: 148.747161 seconds.
  path: Assets/scripts/AI_racerFactory.cs
  artifactKey: Guid(e5be3915c223e124d8963528e441054a) Importer(815301076,1909f56bfc062723c751e8b465ee728b)
Start importing Assets/scripts/AI_racerFactory.cs using Guid(e5be3915c223e124d8963528e441054a) Importer(815301076,1909f56bfc062723c751e8b465ee728b)  -> (artifact id: 'b60235b6493c1443f5535a170e7b993a') in 0.003769 seconds 
========================================================================
Received Import Request.
  Time since last request: 217.743444 seconds.
  path: Assets/scripts/AI_racerFactory.cs
  artifactKey: Guid(e5be3915c223e124d8963528e441054a) Importer(815301076,1909f56bfc062723c751e8b465ee728b)
Start importing Assets/scripts/AI_racerFactory.cs using Guid(e5be3915c223e124d8963528e441054a) Importer(815301076,1909f56bfc062723c751e8b465ee728b)  -> (artifact id: '112e9eba0a92065844169aebe8f33d5d') in 0.003682 seconds 
========================================================================
Received Import Request.
  Time since last request: 115.856256 seconds.
  path: Assets/scripts/AI_racerFactory.cs
  artifactKey: Guid(e5be3915c223e124d8963528e441054a) Importer(815301076,1909f56bfc062723c751e8b465ee728b)
Start importing Assets/scripts/AI_racerFactory.cs using Guid(e5be3915c223e124d8963528e441054a) Importer(815301076,1909f56bfc062723c751e8b465ee728b)  -> (artifact id: '6fba2319532830899e618da4fe1ef1d3') in 0.006319 seconds 
========================================================================
Received Import Request.
  Time since last request: 18.031371 seconds.
  path: Assets/scripts/AI_racerFactory.cs
  artifactKey: Guid(e5be3915c223e124d8963528e441054a) Importer(815301076,1909f56bfc062723c751e8b465ee728b)
Start importing Assets/scripts/AI_racerFactory.cs using Guid(e5be3915c223e124d8963528e441054a) Importer(815301076,1909f56bfc062723c751e8b465ee728b)  -> (artifact id: '80b1836495e3a3003946569b5ea7fc8d') in 0.003280 seconds 
========================================================================
Received Prepare
Registering precompiled user dll's ...
Registered in 0.019962 seconds.
Begin MonoManager ReloadAssembly
Symbol file LoadedFromMemory doesn't match image D:\Year 2\SEMESTER 2\GADE7222\POE\GADE7222_POE\GADE7222_POE_2022\Library\PackageCache\com.unity.visualscripting@1.7.8\Editor\VisualScripting.Core\Dependencies\YamlDotNet\Unity.VisualScripting.YamlDotNet.dll
Symbol file LoadedFromMemory doesn't match image D:\Year 2\SEMESTER 2\GADE7222\POE\GADE7222_POE\GADE7222_POE_2022\Library\PackageCache\com.unity.visualscripting@1.7.8\Editor\VisualScripting.Core\Dependencies\DotNetZip\Unity.VisualScripting.IonicZip.dll
Native extension for UWP target not found
Native extension for LinuxStandalone target not found
Native extension for WindowsStandalone target not found
Native extension for AppleTV target not found
Native extension for iOS target not found
Native extension for Android target not found
Native extension for OSXStandalone target not found
Native extension for WebGL target not found
Refreshing native plugins compatible for Editor in 0.71 ms, found 3 plugins.
Preloading 0 native plugins for Editor in 0.00 ms.
Mono: successfully reloaded assembly
- Completed reload, in  1.696 seconds
Domain Reload Profiling:
	ReloadAssembly (1697ms)
		BeginReloadAssembly (254ms)
			ExecutionOrderSort (0ms)
			DisableScriptedObjects (7ms)
			BackupInstance (0ms)
			ReleaseScriptingObjects (0ms)
			CreateAndSetChildDomain (46ms)
		EndReloadAssembly (1278ms)
			LoadAssemblies (214ms)
			RebuildTransferFunctionScriptingTraits (0ms)
			SetupTypeCache (406ms)
			ReleaseScriptCaches (2ms)
			RebuildScriptCaches (52ms)
			SetupLoadedEditorAssemblies (584ms)
				LogAssemblyErrors (0ms)
				InitializePlatformSupportModulesInManaged (108ms)
				SetLoadedEditorAssemblies (1ms)
				RefreshPlugins (1ms)
				BeforeProcessingInitializeOnLoad (138ms)
				ProcessInitializeOnLoadAttributes (260ms)
				ProcessInitializeOnLoadMethodAttributes (35ms)
				AfterProcessingInitializeOnLoad (40ms)
				EditorAssembliesLoaded (0ms)
			ExecutionOrderSort2 (0ms)
			AwakeInstancesAfterBackupRestoration (10ms)
Platform modules already initialized, skipping
Refreshing native plugins compatible for Editor in 5.09 ms, found 3 plugins.
Preloading 0 native plugins for Editor in 0.00 ms.
Unloading 3407 Unused Serialized files (Serialized files now loaded: 0)
Unloading 20 unused Assets / (79.2 KB). Loaded Objects now: 3912.
Memory consumption went from 130.4 MB to 130.3 MB.
Total: 4.574100 ms (FindLiveObjects: 0.562900 ms CreateObjectMapping: 0.466200 ms MarkObjects: 3.357900 ms  DeleteObjects: 0.172800 ms)

AssetImportParameters requested are different than current active one (requested -> active):
  custom:video-decoder-ogg-theora: a1e56fd34408186e4bbccfd4996cb3dc -> 
  custom:container-muxer-webm: aa71ff27fc2769a1b78a27578f13a17b -> 
  custom:container-demuxer-webm: 4f35f7cbe854078d1ac9338744f61a02 -> 
  custom:video-encoder-webm-vp8: eb34c28f22e8b96e1ab97ce403110664 -> 
  custom:video-codec-MediaFoundation-h265: 746d11721c4dcdbdad8f713fa42b33f4 -> 
  custom:audio-encoder-webm-vorbis: bf7c407c2cedff20999df2af8eb42d56 -> 
  custom:framework-win-MediaFoundation: 216162199b28c13a410421893ffa2e32 -> 
  custom:container-demuxer-ogg: 62fdf1f143b41e24485cea50d1cbac27 -> 
  custom:video-decoder-webm-vp8: 9c59270c3fd7afecdb556c50c9e8de78 -> 
  custom:audio-decoder-ogg-vorbis: bf7c407c2cedff20999df2af8eb42d56 -> 
========================================================================
Received Import Request.
  Time since last request: 738.119907 seconds.
  path: Assets/scripts/AI_ConcreteFactory.cs
  artifactKey: Guid(4bab9b7e258871d45a239719fdb0ddb4) Importer(815301076,1909f56bfc062723c751e8b465ee728b)
Start importing Assets/scripts/AI_ConcreteFactory.cs using Guid(4bab9b7e258871d45a239719fdb0ddb4) Importer(815301076,1909f56bfc062723c751e8b465ee728b)  -> (artifact id: '866d74209831118c61fb8560d7551f91') in 0.012597 seconds 
========================================================================
Received Prepare
Registering precompiled user dll's ...
Registered in 0.033064 seconds.
Begin MonoManager ReloadAssembly
Symbol file LoadedFromMemory doesn't match image D:\Year 2\SEMESTER 2\GADE7222\POE\GADE7222_POE\GADE7222_POE_2022\Library\PackageCache\com.unity.visualscripting@1.7.8\Editor\VisualScripting.Core\Dependencies\YamlDotNet\Unity.VisualScripting.YamlDotNet.dll
Symbol file LoadedFromMemory doesn't match image D:\Year 2\SEMESTER 2\GADE7222\POE\GADE7222_POE\GADE7222_POE_2022\Library\PackageCache\com.unity.visualscripting@1.7.8\Editor\VisualScripting.Core\Dependencies\DotNetZip\Unity.VisualScripting.IonicZip.dll
Native extension for UWP target not found
Native extension for LinuxStandalone target not found
Native extension for WindowsStandalone target not found
Native extension for AppleTV target not found
Native extension for iOS target not found
Native extension for Android target not found
Native extension for OSXStandalone target not found
Native extension for WebGL target not found
Refreshing native plugins compatible for Editor in 0.60 ms, found 3 plugins.
Preloading 0 native plugins for Editor in 0.00 ms.
Mono: successfully reloaded assembly
- Completed reload, in  1.987 seconds
Domain Reload Profiling:
	ReloadAssembly (1988ms)
		BeginReloadAssembly (255ms)
			ExecutionOrderSort (0ms)
			DisableScriptedObjects (6ms)
			BackupInstance (0ms)
			ReleaseScriptingObjects (0ms)
			CreateAndSetChildDomain (47ms)
		EndReloadAssembly (1562ms)
			LoadAssemblies (214ms)
			RebuildTransferFunctionScriptingTraits (0ms)
			SetupTypeCache (330ms)
			ReleaseScriptCaches (1ms)
			RebuildScriptCaches (45ms)
			SetupLoadedEditorAssemblies (952ms)
				LogAssemblyErrors (0ms)
				InitializePlatformSupportModulesInManaged (487ms)
				SetLoadedEditorAssemblies (1ms)
				RefreshPlugins (1ms)
				BeforeProcessingInitializeOnLoad (138ms)
				ProcessInitializeOnLoadAttributes (252ms)
				ProcessInitializeOnLoadMethodAttributes (38ms)
				AfterProcessingInitializeOnLoad (36ms)
				EditorAssembliesLoaded (0ms)
			ExecutionOrderSort2 (0ms)
			AwakeInstancesAfterBackupRestoration (9ms)
Platform modules already initialized, skipping
Refreshing native plugins compatible for Editor in 4.06 ms, found 3 plugins.
Preloading 0 native plugins for Editor in 0.00 ms.
Unloading 3408 Unused Serialized files (Serialized files now loaded: 0)
Unloading 20 unused Assets / (79.2 KB). Loaded Objects now: 3916.
Memory consumption went from 130.4 MB to 130.3 MB.
Total: 3.545000 ms (FindLiveObjects: 0.329100 ms CreateObjectMapping: 0.286300 ms MarkObjects: 2.791300 ms  DeleteObjects: 0.137300 ms)

AssetImportParameters requested are different than current active one (requested -> active):
  custom:video-decoder-ogg-theora: a1e56fd34408186e4bbccfd4996cb3dc -> 
  custom:container-muxer-webm: aa71ff27fc2769a1b78a27578f13a17b -> 
  custom:container-demuxer-webm: 4f35f7cbe854078d1ac9338744f61a02 -> 
  custom:video-encoder-webm-vp8: eb34c28f22e8b96e1ab97ce403110664 -> 
  custom:video-codec-MediaFoundation-h265: 746d11721c4dcdbdad8f713fa42b33f4 -> 
  custom:audio-encoder-webm-vorbis: bf7c407c2cedff20999df2af8eb42d56 -> 
  custom:framework-win-MediaFoundation: 216162199b28c13a410421893ffa2e32 -> 
  custom:container-demuxer-ogg: 62fdf1f143b41e24485cea50d1cbac27 -> 
  custom:video-decoder-webm-vp8: 9c59270c3fd7afecdb556c50c9e8de78 -> 
  custom:audio-decoder-ogg-vorbis: bf7c407c2cedff20999df2af8eb42d56 -> 
========================================================================
Received Import Request.
  Time since last request: 316.267049 seconds.
  path: Assets/scripts/AI_ConcreteFactory.cs
  artifactKey: Guid(4bab9b7e258871d45a239719fdb0ddb4) Importer(815301076,1909f56bfc062723c751e8b465ee728b)
Start importing Assets/scripts/AI_ConcreteFactory.cs using Guid(4bab9b7e258871d45a239719fdb0ddb4) Importer(815301076,1909f56bfc062723c751e8b465ee728b)  -> (artifact id: '42d7fe65eb6c921758f5cadae29825cd') in 0.012948 seconds 
========================================================================
Received Import Request.
  Time since last request: 92.725374 seconds.
  path: Assets/scripts/AI_ConcreteFactory.cs
  artifactKey: Guid(4bab9b7e258871d45a239719fdb0ddb4) Importer(815301076,1909f56bfc062723c751e8b465ee728b)
Start importing Assets/scripts/AI_ConcreteFactory.cs using Guid(4bab9b7e258871d45a239719fdb0ddb4) Importer(815301076,1909f56bfc062723c751e8b465ee728b)  -> (artifact id: '7cd8101166e78cb3889b2b9e73d5c7a9') in 0.017132 seconds 
========================================================================
Received Import Request.
  Time since last request: 39.856915 seconds.
  path: Assets/scripts/AI_ConcreteFactory.cs
  artifactKey: Guid(4bab9b7e258871d45a239719fdb0ddb4) Importer(815301076,1909f56bfc062723c751e8b465ee728b)
Start importing Assets/scripts/AI_ConcreteFactory.cs using Guid(4bab9b7e258871d45a239719fdb0ddb4) Importer(815301076,1909f56bfc062723c751e8b465ee728b)  -> (artifact id: '73fa015b0b6be62a51265f3ad8162726') in 0.006132 seconds 
========================================================================
Received Import Request.
  Time since last request: 121.818870 seconds.
  path: Assets/scripts/AI_ConcreteFactory.cs
  artifactKey: Guid(4bab9b7e258871d45a239719fdb0ddb4) Importer(815301076,1909f56bfc062723c751e8b465ee728b)
Start importing Assets/scripts/AI_ConcreteFactory.cs using Guid(4bab9b7e258871d45a239719fdb0ddb4) Importer(815301076,1909f56bfc062723c751e8b465ee728b)  -> (artifact id: '2bda24e9b795bfadc2687e52c50f0b02') in 0.003201 seconds 
========================================================================
Received Prepare
Registering precompiled user dll's ...
Registered in 0.018238 seconds.
Begin MonoManager ReloadAssembly
Symbol file LoadedFromMemory doesn't match image D:\Year 2\SEMESTER 2\GADE7222\POE\GADE7222_POE\GADE7222_POE_2022\Library\PackageCache\com.unity.visualscripting@1.7.8\Editor\VisualScripting.Core\Dependencies\YamlDotNet\Unity.VisualScripting.YamlDotNet.dll
Symbol file LoadedFromMemory doesn't match image D:\Year 2\SEMESTER 2\GADE7222\POE\GADE7222_POE\GADE7222_POE_2022\Library\PackageCache\com.unity.visualscripting@1.7.8\Editor\VisualScripting.Core\Dependencies\DotNetZip\Unity.VisualScripting.IonicZip.dll
Native extension for UWP target not found
Native extension for LinuxStandalone target not found
Native extension for WindowsStandalone target not found
Native extension for AppleTV target not found
Native extension for iOS target not found
Native extension for Android target not found
Native extension for OSXStandalone target not found
Native extension for WebGL target not found
Refreshing native plugins compatible for Editor in 0.56 ms, found 3 plugins.
Preloading 0 native plugins for Editor in 0.00 ms.
Mono: successfully reloaded assembly
- Completed reload, in  1.638 seconds
Domain Reload Profiling:
	ReloadAssembly (1639ms)
		BeginReloadAssembly (258ms)
			ExecutionOrderSort (0ms)
			DisableScriptedObjects (7ms)
			BackupInstance (0ms)
			ReleaseScriptingObjects (0ms)
			CreateAndSetChildDomain (45ms)
		EndReloadAssembly (1195ms)
			LoadAssemblies (230ms)
			RebuildTransferFunctionScriptingTraits (0ms)
			SetupTypeCache (344ms)
			ReleaseScriptCaches (1ms)
			RebuildScriptCaches (58ms)
			SetupLoadedEditorAssemblies (550ms)
				LogAssemblyErrors (0ms)
				InitializePlatformSupportModulesInManaged (81ms)
				SetLoadedEditorAssemblies (1ms)
				RefreshPlugins (1ms)
				BeforeProcessingInitializeOnLoad (154ms)
				ProcessInitializeOnLoadAttributes (246ms)
				ProcessInitializeOnLoadMethodAttributes (32ms)
				AfterProcessingInitializeOnLoad (36ms)
				EditorAssembliesLoaded (0ms)
			ExecutionOrderSort2 (0ms)
			AwakeInstancesAfterBackupRestoration (9ms)
Platform modules already initialized, skipping
Refreshing native plugins compatible for Editor in 3.93 ms, found 3 plugins.
Preloading 0 native plugins for Editor in 0.00 ms.
Unloading 3408 Unused Serialized files (Serialized files now loaded: 0)
Unloading 20 unused Assets / (79.3 KB). Loaded Objects now: 3919.
Memory consumption went from 130.4 MB to 130.3 MB.
Total: 3.281900 ms (FindLiveObjects: 0.262100 ms CreateObjectMapping: 0.161500 ms MarkObjects: 2.755700 ms  DeleteObjects: 0.101300 ms)

AssetImportParameters requested are different than current active one (requested -> active):
  custom:video-decoder-ogg-theora: a1e56fd34408186e4bbccfd4996cb3dc -> 
  custom:container-muxer-webm: aa71ff27fc2769a1b78a27578f13a17b -> 
  custom:container-demuxer-webm: 4f35f7cbe854078d1ac9338744f61a02 -> 
  custom:video-encoder-webm-vp8: eb34c28f22e8b96e1ab97ce403110664 -> 
  custom:video-codec-MediaFoundation-h265: 746d11721c4dcdbdad8f713fa42b33f4 -> 
  custom:audio-encoder-webm-vorbis: bf7c407c2cedff20999df2af8eb42d56 -> 
  custom:framework-win-MediaFoundation: 216162199b28c13a410421893ffa2e32 -> 
  custom:container-demuxer-ogg: 62fdf1f143b41e24485cea50d1cbac27 -> 
  custom:video-decoder-webm-vp8: 9c59270c3fd7afecdb556c50c9e8de78 -> 
  custom:audio-decoder-ogg-vorbis: bf7c407c2cedff20999df2af8eb42d56 -> 
========================================================================
Received Import Request.
  Time since last request: 142.700782 seconds.
  path: Assets/materials
  artifactKey: Guid(eea85ff9b1250934596371a51329616a) Importer(815301076,1909f56bfc062723c751e8b465ee728b)
Start importing Assets/materials using Guid(eea85ff9b1250934596371a51329616a) Importer(815301076,1909f56bfc062723c751e8b465ee728b)  -> (artifact id: '6f3c0fa5b14572f6d42400c73185ee15') in 0.010080 seconds 
========================================================================
Received Import Request.
  Time since last request: 0.089024 seconds.
  path: Assets/materials/New Material 2.mat
  artifactKey: Guid(388809b28964fd54b988de433cc5e8f1) Importer(815301076,1909f56bfc062723c751e8b465ee728b)
Start importing Assets/materials/New Material 2.mat using Guid(388809b28964fd54b988de433cc5e8f1) Importer(815301076,1909f56bfc062723c751e8b465ee728b)  -> (artifact id: '5a2e2004f4ddf36b0a273f738c3a46f5') in 0.349038 seconds 
========================================================================
Received Import Request.
  Time since last request: 12.877918 seconds.
  path: Assets/materials/SlowRacer.mat
  artifactKey: Guid(7453bb065abb11647af9b578003b704d) Importer(815301076,1909f56bfc062723c751e8b465ee728b)
Start importing Assets/materials/SlowRacer.mat using Guid(7453bb065abb11647af9b578003b704d) Importer(815301076,1909f56bfc062723c751e8b465ee728b)  -> (artifact id: '70d735c298d2457aaf1efbc1f0273a50') in 0.032634 seconds 
========================================================================
Received Import Request.
  Time since last request: 6.922496 seconds.
  path: Assets/materials/SlowRacerMat.mat
  artifactKey: Guid(7453bb065abb11647af9b578003b704d) Importer(815301076,1909f56bfc062723c751e8b465ee728b)
Start importing Assets/materials/SlowRacerMat.mat using Guid(7453bb065abb11647af9b578003b704d) Importer(815301076,1909f56bfc062723c751e8b465ee728b)  -> (artifact id: '145dc3aa28c11cf3ddac67d3ee0ff586') in 0.018792 seconds 
========================================================================
Received Import Request.
  Time since last request: 10.414956 seconds.
  path: Assets/materials/FastRacerMat.mat
  artifactKey: Guid(e6168f1c9c281664f9d952feaab35e0a) Importer(815301076,1909f56bfc062723c751e8b465ee728b)
Start importing Assets/materials/FastRacerMat.mat using Guid(e6168f1c9c281664f9d952feaab35e0a) Importer(815301076,1909f56bfc062723c751e8b465ee728b)  -> (artifact id: '7545417335525241130da5c09b9e75dd') in 0.026498 seconds 
========================================================================
Received Import Request.
  Time since last request: 12.183059 seconds.
  path: Assets/materials/NormalRacerMat.mat
  artifactKey: Guid(dbe3075067b5bfd4888f0ed0bf82d799) Importer(815301076,1909f56bfc062723c751e8b465ee728b)
Start importing Assets/materials/NormalRacerMat.mat using Guid(dbe3075067b5bfd4888f0ed0bf82d799) Importer(815301076,1909f56bfc062723c751e8b465ee728b)  -> (artifact id: 'ecb955e99bdfe2ccf8bfa9794c60e68d') in 0.015058 seconds 
========================================================================
Received Import Request.
  Time since last request: 31.908620 seconds.
  path: Assets/materials/RaceTrackMat.mat
  artifactKey: Guid(388809b28964fd54b988de433cc5e8f1) Importer(815301076,1909f56bfc062723c751e8b465ee728b)
Start importing Assets/materials/RaceTrackMat.mat using Guid(388809b28964fd54b988de433cc5e8f1) Importer(815301076,1909f56bfc062723c751e8b465ee728b)  -> (artifact id: '434c5e86fa68172bdffcedb623739afe') in 0.014401 seconds 
========================================================================
Received Import Request.
  Time since last request: 9.576042 seconds.
  path: Assets/materials/PlayerMat.mat
  artifactKey: Guid(1853e1872d8699b419cd279fc63ce792) Importer(815301076,1909f56bfc062723c751e8b465ee728b)
Start importing Assets/materials/PlayerMat.mat using Guid(1853e1872d8699b419cd279fc63ce792) Importer(815301076,1909f56bfc062723c751e8b465ee728b)  -> (artifact id: 'c654bb9f1a9eee4d44f416e098cce055') in 0.014128 seconds 
========================================================================
Received Import Request.
  Time since last request: 148.479938 seconds.
  path: Assets/materials/FastRacerMat.mat
  artifactKey: Guid(e6168f1c9c281664f9d952feaab35e0a) Importer(815301076,1909f56bfc062723c751e8b465ee728b)
Start importing Assets/materials/FastRacerMat.mat using Guid(e6168f1c9c281664f9d952feaab35e0a) Importer(815301076,1909f56bfc062723c751e8b465ee728b)  -> (artifact id: 'b16dba13014a1498b742115ad693b3e8') in 0.024420 seconds 
========================================================================
Received Import Request.
  Time since last request: 0.000047 seconds.
  path: Assets/materials/PlayerMat.mat
  artifactKey: Guid(1853e1872d8699b419cd279fc63ce792) Importer(815301076,1909f56bfc062723c751e8b465ee728b)
Start importing Assets/materials/PlayerMat.mat using Guid(1853e1872d8699b419cd279fc63ce792) Importer(815301076,1909f56bfc062723c751e8b465ee728b)  -> (artifact id: 'cad5cb61bf9506ab0b341bf219db38b9') in 0.041037 seconds 
========================================================================
Received Import Request.
  Time since last request: 0.000045 seconds.
  path: Assets/materials/RaceTrackMat.mat
  artifactKey: Guid(388809b28964fd54b988de433cc5e8f1) Importer(815301076,1909f56bfc062723c751e8b465ee728b)
Start importing Assets/materials/RaceTrackMat.mat using Guid(388809b28964fd54b988de433cc5e8f1) Importer(815301076,1909f56bfc062723c751e8b465ee728b)  -> (artifact id: '29f5682795e939be85348b515c8383da') in 0.019367 seconds 
========================================================================
Received Import Request.
  Time since last request: 10.979714 seconds.
  path: Assets/materials/PlayerMat.mat
  artifactKey: Guid(1853e1872d8699b419cd279fc63ce792) Importer(815301076,1909f56bfc062723c751e8b465ee728b)
Start importing Assets/materials/PlayerMat.mat using Guid(1853e1872d8699b419cd279fc63ce792) Importer(815301076,1909f56bfc062723c751e8b465ee728b)  -> (artifact id: 'fc74c1ed81207dcb54e0f412c1b869d5') in 0.016865 seconds 
========================================================================
Received Import Request.
  Time since last request: 24.258322 seconds.
  path: Assets/prehabs/SlowRacer.prefab
  artifactKey: Guid(31066fccd6f70b848bbb35ed41384a72) Importer(815301076,1909f56bfc062723c751e8b465ee728b)
Start importing Assets/prehabs/SlowRacer.prefab using Guid(31066fccd6f70b848bbb35ed41384a72) Importer(815301076,1909f56bfc062723c751e8b465ee728b)  -> (artifact id: 'bb8d07377f42d618dc6f43beb0f92a02') in 0.115882 seconds 
========================================================================
Received Import Request.
  Time since last request: 12.579243 seconds.
  path: Assets/prehabs/NormalRacer.prefab
  artifactKey: Guid(d98a10c559a376a49ac09c452be8041b) Importer(815301076,1909f56bfc062723c751e8b465ee728b)
Start importing Assets/prehabs/NormalRacer.prefab using Guid(d98a10c559a376a49ac09c452be8041b) Importer(815301076,1909f56bfc062723c751e8b465ee728b)  -> (artifact id: 'ecefbe1d065f58e6e18094d556333f05') in 0.023075 seconds 
========================================================================
Received Import Request.
  Time since last request: 9.859619 seconds.
  path: Assets/prehabs/FastRacer.prefab
  artifactKey: Guid(d2f35cd8437bd514bbc770fa348561bd) Importer(815301076,1909f56bfc062723c751e8b465ee728b)
Start importing Assets/prehabs/FastRacer.prefab using Guid(d2f35cd8437bd514bbc770fa348561bd) Importer(815301076,1909f56bfc062723c751e8b465ee728b)  -> (artifact id: 'a34f7d708f012c26307996a0e9cebfac') in 0.015012 seconds 
========================================================================
Received Import Request.
  Time since last request: 720.610091 seconds.
  path: Assets/prehabs/FastRacer.prefab
  artifactKey: Guid(d2f35cd8437bd514bbc770fa348561bd) Importer(815301076,1909f56bfc062723c751e8b465ee728b)
Start importing Assets/prehabs/FastRacer.prefab using Guid(d2f35cd8437bd514bbc770fa348561bd) Importer(815301076,1909f56bfc062723c751e8b465ee728b)  -> (artifact id: '7c297d8703be53aa046e604e55617e84') in 0.813234 seconds 
========================================================================
Received Import Request.
  Time since last request: 20.124529 seconds.
  path: Assets/prehabs/FastRacer.prefab
  artifactKey: Guid(d2f35cd8437bd514bbc770fa348561bd) Importer(815301076,1909f56bfc062723c751e8b465ee728b)
Start importing Assets/prehabs/FastRacer.prefab using Guid(d2f35cd8437bd514bbc770fa348561bd) Importer(815301076,1909f56bfc062723c751e8b465ee728b)  -> (artifact id: '166ce08a8f9b06b25178f129ea1d0a29') in 0.039401 seconds 
========================================================================
Received Import Request.
  Time since last request: 3.366592 seconds.
  path: Assets/prehabs/FastRacer.prefab
  artifactKey: Guid(d2f35cd8437bd514bbc770fa348561bd) Importer(815301076,1909f56bfc062723c751e8b465ee728b)
Start importing Assets/prehabs/FastRacer.prefab using Guid(d2f35cd8437bd514bbc770fa348561bd) Importer(815301076,1909f56bfc062723c751e8b465ee728b)  -> (artifact id: '9b1fb4cf5320a65f448e286d541695b1') in 0.056944 seconds 
========================================================================
Received Import Request.
  Time since last request: 9.838548 seconds.
  path: Assets/prehabs/FastRacer.prefab
  artifactKey: Guid(d2f35cd8437bd514bbc770fa348561bd) Importer(815301076,1909f56bfc062723c751e8b465ee728b)
Start importing Assets/prehabs/FastRacer.prefab using Guid(d2f35cd8437bd514bbc770fa348561bd) Importer(815301076,1909f56bfc062723c751e8b465ee728b)  -> (artifact id: 'a10cbdf50b66762f90c28766efbd42a7') in 0.032108 seconds 
========================================================================
Received Import Request.
  Time since last request: 13.057555 seconds.
  path: Assets/prehabs/NormalRacer.prefab
  artifactKey: Guid(d98a10c559a376a49ac09c452be8041b) Importer(815301076,1909f56bfc062723c751e8b465ee728b)
Start importing Assets/prehabs/NormalRacer.prefab using Guid(d98a10c559a376a49ac09c452be8041b) Importer(815301076,1909f56bfc062723c751e8b465ee728b)  -> (artifact id: '64fb2c55ee7e7632fa7ac4828299c92d') in 0.258174 seconds 
========================================================================
Received Import Request.
  Time since last request: 5.544191 seconds.
  path: Assets/prehabs/NormalRacer.prefab
  artifactKey: Guid(d98a10c559a376a49ac09c452be8041b) Importer(815301076,1909f56bfc062723c751e8b465ee728b)
Start importing Assets/prehabs/NormalRacer.prefab using Guid(d98a10c559a376a49ac09c452be8041b) Importer(815301076,1909f56bfc062723c751e8b465ee728b)  -> (artifact id: '695f15050634f3c06b61445af796dfe6') in 0.040851 seconds 
========================================================================
Received Import Request.
  Time since last request: 5.379021 seconds.
  path: Assets/prehabs/NormalRacer.prefab
  artifactKey: Guid(d98a10c559a376a49ac09c452be8041b) Importer(815301076,1909f56bfc062723c751e8b465ee728b)
Start importing Assets/prehabs/NormalRacer.prefab using Guid(d98a10c559a376a49ac09c452be8041b) Importer(815301076,1909f56bfc062723c751e8b465ee728b)  -> (artifact id: '8b008b775a83dca0d44a596ae62c6ced') in 0.029527 seconds 
========================================================================
Received Import Request.
  Time since last request: 4.544927 seconds.
  path: Assets/prehabs/NormalRacer.prefab
  artifactKey: Guid(d98a10c559a376a49ac09c452be8041b) Importer(815301076,1909f56bfc062723c751e8b465ee728b)
Start importing Assets/prehabs/NormalRacer.prefab using Guid(d98a10c559a376a49ac09c452be8041b) Importer(815301076,1909f56bfc062723c751e8b465ee728b)  -> (artifact id: '0c5c753dfa156853dae18994e7f0edd1') in 0.032799 seconds 
========================================================================
Received Import Request.
  Time since last request: 13.036837 seconds.
  path: Assets/prehabs/SlowRacer.prefab
  artifactKey: Guid(31066fccd6f70b848bbb35ed41384a72) Importer(815301076,1909f56bfc062723c751e8b465ee728b)
Start importing Assets/prehabs/SlowRacer.prefab using Guid(31066fccd6f70b848bbb35ed41384a72) Importer(815301076,1909f56bfc062723c751e8b465ee728b)  -> (artifact id: 'faedcda3e60b6e2318ff2f4785984489') in 0.145368 seconds 
========================================================================
Received Import Request.
  Time since last request: 3.604094 seconds.
  path: Assets/prehabs/SlowRacer.prefab
  artifactKey: Guid(31066fccd6f70b848bbb35ed41384a72) Importer(815301076,1909f56bfc062723c751e8b465ee728b)
Start importing Assets/prehabs/SlowRacer.prefab using Guid(31066fccd6f70b848bbb35ed41384a72) Importer(815301076,1909f56bfc062723c751e8b465ee728b)  -> (artifact id: 'c16b88556f8b5045c525feeedd036a10') in 0.018738 seconds 
========================================================================
Received Import Request.
  Time since last request: 2.587825 seconds.
  path: Assets/prehabs/SlowRacer.prefab
  artifactKey: Guid(31066fccd6f70b848bbb35ed41384a72) Importer(815301076,1909f56bfc062723c751e8b465ee728b)
Start importing Assets/prehabs/SlowRacer.prefab using Guid(31066fccd6f70b848bbb35ed41384a72) Importer(815301076,1909f56bfc062723c751e8b465ee728b)  -> (artifact id: '124df83a474ba991d676ecf5df0a018c') in 0.033451 seconds 
========================================================================
Received Import Request.
  Time since last request: 3.521027 seconds.
  path: Assets/prehabs/SlowRacer.prefab
  artifactKey: Guid(31066fccd6f70b848bbb35ed41384a72) Importer(815301076,1909f56bfc062723c751e8b465ee728b)
Start importing Assets/prehabs/SlowRacer.prefab using Guid(31066fccd6f70b848bbb35ed41384a72) Importer(815301076,1909f56bfc062723c751e8b465ee728b)  -> (artifact id: 'cc0eb6f8bdcc43da8b6d2a9e05d5fb01') in 0.018791 seconds 
