Using pre-set license
Built from '2021.3/staging' branch; Version is '2021.3.9f1 (ad3870b89536) revision 11352176'; Using compiler version '192829333'; Build Type 'Release'
OS: 'Windows 10  (10.0.19044) 64bit Professional' Language: 'en' Physical Memory: 3991 MB
BatchMode: 1, IsHumanControllingUs: 0, StartBugReporterOnCrash: 0, Is64bit: 1, IsPro: 1

COMMAND LINE ARGUMENTS:
C:\Program Files\Unity\Hub\Editor\2021.3.9f1\Editor\Unity.exe
-adb2
-batchMode
-noUpm
-name
AssetImportWorker35
-projectPath
C:/Users/Leago/Documents/GitHub/_GADE_/GADE7222_POE_2022
-logFile
Logs/AssetImportWorker35.log
-srvPort
54832
Successfully changed project path to: C:/Users/Leago/Documents/GitHub/_GADE_/GADE7222_POE_2022
C:/Users/Leago/Documents/GitHub/_GADE_/GADE7222_POE_2022
[UnityMemory] Configuration Parameters - Can be set up in boot.config
    "memorysetup-bucket-allocator-granularity=16"
    "memorysetup-bucket-allocator-bucket-count=8"
    "memorysetup-bucket-allocator-block-size=33554432"
    "memorysetup-bucket-allocator-block-count=8"
    "memorysetup-main-allocator-block-size=16777216"
    "memorysetup-thread-allocator-block-size=16777216"
    "memorysetup-gfx-main-allocator-block-size=16777216"
    "memorysetup-gfx-thread-allocator-block-size=16777216"
    "memorysetup-cache-allocator-block-size=4194304"
    "memorysetup-typetree-allocator-block-size=2097152"
    "memorysetup-profiler-bucket-allocator-granularity=16"
    "memorysetup-profiler-bucket-allocator-bucket-count=8"
    "memorysetup-profiler-bucket-allocator-block-size=33554432"
    "memorysetup-profiler-bucket-allocator-block-count=8"
    "memorysetup-profiler-allocator-block-size=16777216"
    "memorysetup-profiler-editor-allocator-block-size=1048576"
    "memorysetup-temp-allocator-size-main=16777216"
    "memorysetup-job-temp-allocator-block-size=2097152"
    "memorysetup-job-temp-allocator-block-size-background=1048576"
    "memorysetup-job-temp-allocator-reduction-small-platforms=262144"
    "memorysetup-temp-allocator-size-background-worker=32768"
    "memorysetup-temp-allocator-size-job-worker=262144"
    "memorysetup-temp-allocator-size-preload-manager=33554432"
    "memorysetup-temp-allocator-size-nav-mesh-worker=65536"
    "memorysetup-temp-allocator-size-audio-worker=65536"
    "memorysetup-temp-allocator-size-cloud-worker=32768"
    "memorysetup-temp-allocator-size-gi-baking-worker=262144"
    "memorysetup-temp-allocator-size-gfx=262144"
Refreshing native plugins compatible for Editor in 251.36 ms, found 3 plugins.
Preloading 0 native plugins for Editor in 0.00 ms.
Initialize engine version: 2021.3.9f1 (ad3870b89536)
[Subsystems] Discovering subsystems at path C:/Program Files/Unity/Hub/Editor/2021.3.9f1/Editor/Data/Resources/UnitySubsystems
[Subsystems] Discovering subsystems at path C:/Users/Leago/Documents/GitHub/_GADE_/GADE7222_POE_2022/Assets
GfxDevice: creating device client; threaded=0; jobified=0
Direct3D:
    Version:  Direct3D 11.0 [level 11.1]
    Renderer: Intel(R) HD Graphics 4600 (ID=0x416)
    Vendor:   Intel
    VRAM:     1995 MB
    Driver:   20.19.15.4531
Initialize mono
Mono path[0] = 'C:/Program Files/Unity/Hub/Editor/2021.3.9f1/Editor/Data/Managed'
Mono path[1] = 'C:/Program Files/Unity/Hub/Editor/2021.3.9f1/Editor/Data/MonoBleedingEdge/lib/mono/unityjit-win32'
Mono config path = 'C:/Program Files/Unity/Hub/Editor/2021.3.9f1/Editor/Data/MonoBleedingEdge/etc'
Using monoOptions --debugger-agent=transport=dt_socket,embedding=1,server=y,suspend=n,address=127.0.0.1:56356
Begin MonoManager ReloadAssembly
Registering precompiled unity dll's ...
Register platform support module: C:/Program Files/Unity/Hub/Editor/2021.3.9f1/Editor/Data/PlaybackEngines/WindowsStandaloneSupport/UnityEditor.WindowsStandalone.Extensions.dll
Registered in 0.008378 seconds.
Native extension for WindowsStandalone target not found
Refreshing native plugins compatible for Editor in 101.08 ms, found 3 plugins.
Preloading 0 native plugins for Editor in 0.00 ms.
Mono: successfully reloaded assembly
- Completed reload, in  0.845 seconds
Domain Reload Profiling:
	ReloadAssembly (846ms)
		BeginReloadAssembly (98ms)
			ExecutionOrderSort (0ms)
			DisableScriptedObjects (0ms)
			BackupInstance (0ms)
			ReleaseScriptingObjects (0ms)
			CreateAndSetChildDomain (1ms)
		EndReloadAssembly (585ms)
			LoadAssemblies (95ms)
			RebuildTransferFunctionScriptingTraits (0ms)
			SetupTypeCache (141ms)
			ReleaseScriptCaches (0ms)
			RebuildScriptCaches (39ms)
			SetupLoadedEditorAssemblies (337ms)
				LogAssemblyErrors (0ms)
				InitializePlatformSupportModulesInManaged (10ms)
				SetLoadedEditorAssemblies (0ms)
				RefreshPlugins (101ms)
				BeforeProcessingInitializeOnLoad (2ms)
				ProcessInitializeOnLoadAttributes (165ms)
				ProcessInitializeOnLoadMethodAttributes (59ms)
				AfterProcessingInitializeOnLoad (0ms)
				EditorAssembliesLoaded (0ms)
			ExecutionOrderSort2 (0ms)
			AwakeInstancesAfterBackupRestoration (0ms)
Platform modules already initialized, skipping
Registering precompiled user dll's ...
Registered in 0.020462 seconds.
Begin MonoManager ReloadAssembly
Symbol file LoadedFromMemory doesn't match image C:\Users\Leago\Documents\GitHub\_GADE_\GADE7222_POE_2022\Library\PackageCache\com.unity.visualscripting@1.7.8\Editor\VisualScripting.Core\Dependencies\YamlDotNet\Unity.VisualScripting.YamlDotNet.dll
Symbol file LoadedFromMemory doesn't match image C:\Users\Leago\Documents\GitHub\_GADE_\GADE7222_POE_2022\Library\PackageCache\com.unity.visualscripting@1.7.8\Editor\VisualScripting.Core\Dependencies\DotNetZip\Unity.VisualScripting.IonicZip.dll
Native extension for WindowsStandalone target not found
Refreshing native plugins compatible for Editor in 1.91 ms, found 3 plugins.
Preloading 0 native plugins for Editor in 0.00 ms.
Mono: successfully reloaded assembly
- Completed reload, in 19.881 seconds
Domain Reload Profiling:
	ReloadAssembly (19925ms)
		BeginReloadAssembly (146ms)
			ExecutionOrderSort (0ms)
			DisableScriptedObjects (7ms)
			BackupInstance (0ms)
			ReleaseScriptingObjects (0ms)
			CreateAndSetChildDomain (26ms)
		EndReloadAssembly (19489ms)
			LoadAssemblies (3591ms)
			RebuildTransferFunctionScriptingTraits (0ms)
			SetupTypeCache (6633ms)
			ReleaseScriptCaches (1ms)
			RebuildScriptCaches (98ms)
			SetupLoadedEditorAssemblies (8857ms)
				LogAssemblyErrors (0ms)
				InitializePlatformSupportModulesInManaged (960ms)
				SetLoadedEditorAssemblies (2ms)
				RefreshPlugins (2ms)
				BeforeProcessingInitializeOnLoad (147ms)
				ProcessInitializeOnLoadAttributes (7306ms)
				ProcessInitializeOnLoadMethodAttributes (425ms)
				AfterProcessingInitializeOnLoad (14ms)
				EditorAssembliesLoaded (0ms)
			ExecutionOrderSort2 (0ms)
			AwakeInstancesAfterBackupRestoration (9ms)
Platform modules already initialized, skipping
========================================================================
Worker process is ready to serve import requests
Failed to get ipc connection from UnityShaderCompiler.exe shader compiler! C:/Program Files/Unity/Hub/Editor/2021.3.9f1/Editor/Data/Tools/UnityShaderCompiler.exe
Launched and connected shader compiler UnityShaderCompiler.exe after 5.21 seconds
Refreshing native plugins compatible for Editor in 4.26 ms, found 3 plugins.
Preloading 0 native plugins for Editor in 0.00 ms.
Unloading 3427 Unused Serialized files (Serialized files now loaded: 0)
Unloading 27 unused Assets / (111.8 KB). Loaded Objects now: 3903.
Memory consumption went from 131.7 MB to 131.6 MB.
Total: 8.010900 ms (FindLiveObjects: 0.634000 ms CreateObjectMapping: 0.351200 ms MarkObjects: 6.817800 ms  DeleteObjects: 0.205000 ms)

AssetImportParameters requested are different than current active one (requested -> active):
  custom:video-decoder-ogg-theora: a1e56fd34408186e4bbccfd4996cb3dc -> 
  custom:container-muxer-webm: aa71ff27fc2769a1b78a27578f13a17b -> 
  custom:container-demuxer-webm: 4f35f7cbe854078d1ac9338744f61a02 -> 
  custom:video-encoder-webm-vp8: eb34c28f22e8b96e1ab97ce403110664 -> 
  custom:audio-encoder-webm-vorbis: bf7c407c2cedff20999df2af8eb42d56 -> 
  custom:framework-win-MediaFoundation: 216162199b28c13a410421893ffa2e32 -> 
  custom:container-demuxer-ogg: 62fdf1f143b41e24485cea50d1cbac27 -> 
  custom:video-decoder-webm-vp8: 9c59270c3fd7afecdb556c50c9e8de78 -> 
  custom:audio-decoder-ogg-vorbis: bf7c407c2cedff20999df2af8eb42d56 -> 
========================================================================
Received Import Request.
  Time since last request: 55406.719382 seconds.
  path: Assets/scripts/WaypointManager.cs
  artifactKey: Guid(0f60e9c1fc916cb4182d6c35b8fcea9e) Importer(815301076,1909f56bfc062723c751e8b465ee728b)
Start importing Assets/scripts/WaypointManager.cs using Guid(0f60e9c1fc916cb4182d6c35b8fcea9e) Importer(815301076,1909f56bfc062723c751e8b465ee728b)  -> (artifact id: '13729a6810a87bb08744df22e33bdf00') in 19.135937 seconds 
========================================================================
Received Import Request.
  Time since last request: 391.531428 seconds.
  path: Assets/scripts/checkPoint.cs
  artifactKey: Guid(15d9ef45949496a42b13ffe011fe1e0d) Importer(815301076,1909f56bfc062723c751e8b465ee728b)
Start importing Assets/scripts/checkPoint.cs using Guid(15d9ef45949496a42b13ffe011fe1e0d) Importer(815301076,1909f56bfc062723c751e8b465ee728b)  -> (artifact id: '02a134e32336e0e9b132dbd32c514076') in 1.650079 seconds 
========================================================================
Received Import Request.
  Time since last request: 2.242384 seconds.
  path: Assets/scripts/DialogueManager.cs
  artifactKey: Guid(4e72123a2b057db4b93c63a6262346fb) Importer(815301076,1909f56bfc062723c751e8b465ee728b)
Start importing Assets/scripts/DialogueManager.cs using Guid(4e72123a2b057db4b93c63a6262346fb) Importer(815301076,1909f56bfc062723c751e8b465ee728b)  -> (artifact id: 'd9ff03a46bf629b3a779f05f040632e9') in 0.138627 seconds 
========================================================================
Received Import Request.
  Time since last request: 32.908412 seconds.
  path: Assets/scripts/DialogueTrigger.cs
  artifactKey: Guid(fcfbf6b4b3a1a294a8e9675486949896) Importer(815301076,1909f56bfc062723c751e8b465ee728b)
Start importing Assets/scripts/DialogueTrigger.cs using Guid(fcfbf6b4b3a1a294a8e9675486949896) Importer(815301076,1909f56bfc062723c751e8b465ee728b)  -> (artifact id: 'abfe88a153a607fb1a82ab4c0496e1a1') in 0.196910 seconds 
========================================================================
Received Import Request.
  Time since last request: 638.275495 seconds.
  path: Assets/scripts/Mesh_Agents.cs
  artifactKey: Guid(762021c0ee0c9b545b0782cf12221022) Importer(815301076,1909f56bfc062723c751e8b465ee728b)
Start importing Assets/scripts/Mesh_Agents.cs using Guid(762021c0ee0c9b545b0782cf12221022) Importer(815301076,1909f56bfc062723c751e8b465ee728b)  -> (artifact id: '9bebc71579e300cff2f1c0635b6b063b') in 29.993503 seconds 
========================================================================
Received Import Request.
  Time since last request: 1149.644052 seconds.
  path: Assets/scripts/Mesh_Agents.cs
  artifactKey: Guid(762021c0ee0c9b545b0782cf12221022) Importer(815301076,1909f56bfc062723c751e8b465ee728b)
Start importing Assets/scripts/Mesh_Agents.cs using Guid(762021c0ee0c9b545b0782cf12221022) Importer(815301076,1909f56bfc062723c751e8b465ee728b)  -> (artifact id: 'f1e7a8d83d6a117dbfbb1000466b7d13') in 0.509692 seconds 
========================================================================
Received Prepare
Registering precompiled user dll's ...
Registered in 0.815992 seconds.
Begin MonoManager ReloadAssembly
Symbol file LoadedFromMemory doesn't match image C:\Users\Leago\Documents\GitHub\_GADE_\GADE7222_POE_2022\Library\PackageCache\com.unity.visualscripting@1.7.8\Editor\VisualScripting.Core\Dependencies\YamlDotNet\Unity.VisualScripting.YamlDotNet.dll
Symbol file LoadedFromMemory doesn't match image C:\Users\Leago\Documents\GitHub\_GADE_\GADE7222_POE_2022\Library\PackageCache\com.unity.visualscripting@1.7.8\Editor\VisualScripting.Core\Dependencies\DotNetZip\Unity.VisualScripting.IonicZip.dll
Native extension for WindowsStandalone target not found
Refreshing native plugins compatible for Editor in 12523.31 ms, found 3 plugins.
Preloading 0 native plugins for Editor in 0.00 ms.
Mono: successfully reloaded assembly
- Completed reload, in 175.644 seconds
Domain Reload Profiling:
	ReloadAssembly (177615ms)
		BeginReloadAssembly (115116ms)
			ExecutionOrderSort (97ms)
			DisableScriptedObjects (5348ms)
			BackupInstance (0ms)
			ReleaseScriptingObjects (1ms)
			CreateAndSetChildDomain (28179ms)
		EndReloadAssembly (52561ms)
			LoadAssemblies (32208ms)
			RebuildTransferFunctionScriptingTraits (1ms)
			SetupTypeCache (5413ms)
			ReleaseScriptCaches (3ms)
			RebuildScriptCaches (352ms)
			SetupLoadedEditorAssemblies (30933ms)
				LogAssemblyErrors (0ms)
				InitializePlatformSupportModulesInManaged (7085ms)
				SetLoadedEditorAssemblies (216ms)
				RefreshPlugins (12535ms)
				BeforeProcessingInitializeOnLoad (5159ms)
				ProcessInitializeOnLoadAttributes (4467ms)
				ProcessInitializeOnLoadMethodAttributes (339ms)
				AfterProcessingInitializeOnLoad (14ms)
				EditorAssembliesLoaded (1116ms)
			ExecutionOrderSort2 (0ms)
			AwakeInstancesAfterBackupRestoration (78ms)
Platform modules already initialized, skipping
Refreshing native plugins compatible for Editor in 977.75 ms, found 3 plugins.
Preloading 0 native plugins for Editor in 0.00 ms.
Unloading 3409 Unused Serialized files (Serialized files now loaded: 0)
Unloading 20 unused Assets / (79.2 KB). Loaded Objects now: 3906.
Memory consumption went from 130.3 MB to 130.3 MB.
Total: 607.357600 ms (FindLiveObjects: 22.933300 ms CreateObjectMapping: 214.858600 ms MarkObjects: 345.440300 ms  DeleteObjects: 24.119000 ms)

AssetImportParameters requested are different than current active one (requested -> active):
  custom:video-decoder-ogg-theora: a1e56fd34408186e4bbccfd4996cb3dc -> 
  custom:container-muxer-webm: aa71ff27fc2769a1b78a27578f13a17b -> 
  custom:container-demuxer-webm: 4f35f7cbe854078d1ac9338744f61a02 -> 
  custom:video-encoder-webm-vp8: eb34c28f22e8b96e1ab97ce403110664 -> 
  custom:audio-encoder-webm-vorbis: bf7c407c2cedff20999df2af8eb42d56 -> 
  custom:framework-win-MediaFoundation: 216162199b28c13a410421893ffa2e32 -> 
  custom:container-demuxer-ogg: 62fdf1f143b41e24485cea50d1cbac27 -> 
  custom:video-decoder-webm-vp8: 9c59270c3fd7afecdb556c50c9e8de78 -> 
  custom:audio-decoder-ogg-vorbis: bf7c407c2cedff20999df2af8eb42d56 -> 
========================================================================
Received Prepare
Registering precompiled user dll's ...
Registered in 0.023038 seconds.
